inpuy : 2 1 27
-1
inpuy : 2 2 27
-1
inpuy : 2 3 27
-1
inpuy : 2 4 27
-1
inpuy : 2 5 27
-1
inpuy : 2 6 27
-1
inpuy : 2 7 27
-1
inpuy : 2 8 27
-1
inpuy : 2 9 27
-1
inpuy : 2 10 27
-1
inpuy : 2 11 27
-1
inpuy : 2 12 27
-1
inpuy : 2 13 27
-1
inpuy : 2 14 27
27
0 1 1
0 2 2
0 2 3
0 2 4
0 2 5
0 2 6
0 2 7
0 2 8
0 2 9
0 2 10
0 2 11
0 2 12
0 2 13
0 2 14
0 1 2
0 1 3
0 1 4
0 1 5
0 1 6
0 1 7
0 1 8
0 1 9
0 1 10
0 1 11
0 1 12
0 1 13
0 1 14
inpuy : 2 15 27
inpuy : 2 16 27
inpuy : 2 17 27
inpuy : 2 18 27
inpuy : 2 19 27
inpuy : 2 20 27
inpuy : 2 21 27
inpuy : 2 22 27
inpuy : 2 23 27
inpuy : 2 24 27
inpuy : 2 25 27
inpuy : 2 26 27
27
0 1 1
0 2 2
0 2 3
0 2 4
0 2 5
0 2 6
0 2 7
0 2 8
0 2 9
0 2 10
0 2 11
0 2 12
0 2 13
0 2 14
0 2 15
0 2 16
0 2 17
0 2 18
0 2 19
0 2 20
0 2 21
0 2 22
0 2 23
0 2 24
0 2 25
0 2 26
0 1 26
inpuy : 2 27 27
27
1 0 1
2 0 2
2 0 3
2 0 4
2 0 5
2 0 6
2 0 7
2 0 8
2 0 9
2 0 10
2 0 11
2 0 12
2 0 13
2 0 14
2 0 15
2 0 16
2 0 17
2 0 18
2 0 19
2 0 20
2 0 21
2 0 22
2 0 23
2 0 24
2 0 25
2 0 26
2 0 27
inpuy : 2 28 27
inpuy : 2 29 27
inpuy : 2 30 27
inpuy : 2 31 27
inpuy : 2 32 27
inpuy : 2 33 27
inpuy : 2 34 27
inpuy : 2 35 27
inpuy : 2 36 27
inpuy : 2 37 27
inpuy : 2 38 27
inpuy : 2 39 27
inpuy : 2 40 27
inpuy : 2 41 27
inpuy : 2 42 27
inpuy : 2 43 27
inpuy : 2 44 27
inpuy : 2 45 27
inpuy : 2 46 27
inpuy : 2 47 27
inpuy : 2 48 27
inpuy : 2 49 27
inpuy : 2 50 27
inpuy : 2 51 27
inpuy : 2 52 27
inpuy : 2 53 27
inpuy : 2 54 27
inpuy : 2 55 27
-1
inpuy : 2 56 27
-1
inpuy : 2 57 27
-1
inpuy : 2 58 27
-1
inpuy : 2 59 27
-1
inpuy : 2 60 27
-1
inpuy : 2 61 27
-1
inpuy : 2 62 27
-1
inpuy : 2 63 27
-1
inpuy : 2 64 27
-1
inpuy : 2 65 27
-1
inpuy : 2 66 27
-1
inpuy : 2 67 27
-1
inpuy : 2 68 27
-1
inpuy : 2 69 27
-1
inpuy : 2 70 27
-1
inpuy : 2 71 27
-1
inpuy : 2 72 27
-1
inpuy : 2 73 27
-1
inpuy : 2 74 27
-1
inpuy : 2 75 27
-1
inpuy : 2 76 27
-1
inpuy : 2 77 27
-1
inpuy : 2 78 27
-1
inpuy : 2 79 27
-1
inpuy : 2 80 27
-1
inpuy : 2 81 27
-1
inpuy : 2 82 27
-1
inpuy : 2 83 27
-1
inpuy : 2 84 27
-1
inpuy : 2 85 27
-1
inpuy : 2 86 27
-1
inpuy : 2 87 27
-1
inpuy : 2 88 27
-1
inpuy : 2 89 27
-1
inpuy : 2 90 27
-1
inpuy : 2 91 27
-1
inpuy : 2 92 27
-1
inpuy : 2 93 27
-1
inpuy : 2 94 27
-1
inpuy : 2 95 27
-1
inpuy : 2 96 27
-1
inpuy : 2 97 27
-1
inpuy : 2 98 27
-1
inpuy : 2 99 27
-1
inpuy : 2 100 27
-1
inpuy : 2 1 28
-1
inpuy : 2 2 28
-1
inpuy : 2 3 28
-1
inpuy : 2 4 28
-1
inpuy : 2 5 28
-1
inpuy : 2 6 28
-1
inpuy : 2 7 28
-1
inpuy : 2 8 28
-1
inpuy : 2 9 28
-1
inpuy : 2 10 28
-1
inpuy : 2 11 28
-1
inpuy : 2 12 28
-1
inpuy : 2 13 28
-1
inpuy : 2 14 28
inpuy : 2 15 28
inpuy : 2 16 28
inpuy : 2 17 28
inpuy : 2 18 28
inpuy : 2 19 28
inpuy : 2 20 28
inpuy : 2 21 28
inpuy : 2 22 28
inpuy : 2 23 28
inpuy : 2 24 28
inpuy : 2 25 28
inpuy : 2 26 28
inpuy : 2 27 28
inpuy : 2 28 28
28
1 0 1
2 0 2
2 0 3
2 0 4
2 0 5
2 0 6
2 0 7
2 0 8
2 0 9
2 0 10
2 0 11
2 0 12
2 0 13
2 0 14
2 0 15
2 0 16
2 0 17
2 0 18
2 0 19
2 0 20
2 0 21
2 0 22
2 0 23
2 0 24
2 0 25
2 0 26
2 0 27
2 0 28
inpuy : 2 29 28
inpuy : 2 30 28
inpuy : 2 31 28
inpuy : 2 32 28
inpuy : 2 33 28
inpuy : 2 34 28
inpuy : 2 35 28
inpuy : 2 36 28
inpuy : 2 37 28
inpuy : 2 38 28
inpuy : 2 39 28
inpuy : 2 40 28
inpuy : 2 41 28
inpuy : 2 42 28
inpuy : 2 43 28
inpuy : 2 44 28
inpuy : 2 45 28
inpuy : 2 46 28
inpuy : 2 47 28
inpuy : 2 48 28
inpuy : 2 49 28
inpuy : 2 50 28
inpuy : 2 51 28
inpuy : 2 52 28
inpuy : 2 53 28
inpuy : 2 54 28
inpuy : 2 55 28
inpuy : 2 56 28
inpuy : 2 57 28
-1
inpuy : 2 58 28
-1
inpuy : 2 59 28
-1
inpuy : 2 60 28
-1
inpuy : 2 61 28
-1
inpuy : 2 62 28
-1
inpuy : 2 63 28
-1
inpuy : 2 64 28
-1
inpuy : 2 65 28
-1
inpuy : 2 66 28
-1
inpuy : 2 67 28
-1
inpuy : 2 68 28
-1
inpuy : 2 69 28
-1
inpuy : 2 70 28
-1
inpuy : 2 71 28
-1
inpuy : 2 72 28
-1
inpuy : 2 73 28
-1
inpuy : 2 74 28
-1
inpuy : 2 75 28
-1
inpuy : 2 76 28
-1
inpuy : 2 77 28
-1
inpuy : 2 78 28
-1
inpuy : 2 79 28
-1
inpuy : 2 80 28
-1
inpuy : 2 81 28
-1
inpuy : 2 82 28
-1
inpuy : 2 83 28
-1
inpuy : 2 84 28
-1
inpuy : 2 85 28
-1
inpuy : 2 86 28
-1
inpuy : 2 87 28
-1
inpuy : 2 88 28
-1
inpuy : 2 89 28
-1
inpuy : 2 90 28
-1
inpuy : 2 91 28
-1
inpuy : 2 92 28
-1
inpuy : 2 93 28
-1
inpuy : 2 94 28
-1
inpuy : 2 95 28
-1
inpuy : 2 96 28
-1
inpuy : 2 97 28
-1
inpuy : 2 98 28
-1
inpuy : 2 99 28
-1
inpuy : 2 100 28
-1
inpuy : 2 1 29
-1
inpuy : 2 2 29
-1
inpuy : 2 3 29
-1
inpuy : 2 4 29
-1
inpuy : 2 5 29
-1
inpuy : 2 6 29
-1
inpuy : 2 7 29
-1
inpuy : 2 8 29
-1
inpuy : 2 9 29
-1
inpuy : 2 10 29
-1
inpuy : 2 11 29
-1
inpuy : 2 12 29
-1
inpuy : 2 13 29
-1
inpuy : 2 14 29
-1
inpuy : 2 15 29
inpuy : 2 16 29
inpuy : 2 17 29
inpuy : 2 18 29
inpuy : 2 19 29
inpuy : 2 20 29
inpuy : 2 21 29
inpuy : 2 22 29
inpuy : 2 23 29
inpuy : 2 24 29
inpuy : 2 25 29
inpuy : 2 26 29
inpuy : 2 27 29
inpuy : 2 28 29
inpuy : 2 29 29
29
1 0 1
2 0 2
2 0 3
2 0 4
2 0 5
2 0 6
2 0 7
2 0 8
2 0 9
2 0 10
2 0 11
2 0 12
2 0 13
2 0 14
2 0 15
2 0 16
2 0 17
2 0 18
2 0 19
2 0 20
2 0 21
2 0 22
2 0 23
2 0 24
2 0 25
2 0 26
2 0 27
2 0 28
2 0 29
inpuy : 2 30 29
inpuy : 2 31 29
inpuy : 2 32 29
inpuy : 2 33 29
inpuy : 2 34 29
inpuy : 2 35 29
inpuy : 2 36 29
inpuy : 2 37 29
inpuy : 2 38 29
inpuy : 2 39 29
inpuy : 2 40 29
inpuy : 2 41 29
inpuy : 2 42 29
inpuy : 2 43 29
inpuy : 2 44 29
inpuy : 2 45 29
inpuy : 2 46 29
inpuy : 2 47 29
inpuy : 2 48 29
inpuy : 2 49 29
inpuy : 2 50 29
inpuy : 2 51 29
inpuy : 2 52 29
inpuy : 2 53 29
inpuy : 2 54 29
inpuy : 2 55 29
inpuy : 2 56 29
inpuy : 2 57 29
inpuy : 2 58 29
inpuy : 2 59 29
-1
inpuy : 2 60 29
-1
inpuy : 2 61 29
-1
inpuy : 2 62 29
-1
inpuy : 2 63 29
-1
inpuy : 2 64 29
-1
inpuy : 2 65 29
-1
inpuy : 2 66 29
-1
inpuy : 2 67 29
-1
inpuy : 2 68 29
-1
inpuy : 2 69 29
-1
inpuy : 2 70 29
-1
inpuy : 2 71 29
-1
inpuy : 2 72 29
-1
inpuy : 2 73 29
-1
inpuy : 2 74 29
-1
inpuy : 2 75 29
-1
inpuy : 2 76 29
-1
inpuy : 2 77 29
-1
inpuy : 2 78 29
-1
inpuy : 2 79 29
-1
inpuy : 2 80 29
-1
inpuy : 2 81 29
-1
inpuy : 2 82 29
-1
inpuy : 2 83 29
-1
inpuy : 2 84 29
-1
inpuy : 2 85 29
-1
inpuy : 2 86 29
-1
inpuy : 2 87 29
-1
inpuy : 2 88 29
-1
inpuy : 2 89 29
-1
inpuy : 2 90 29
-1
inpuy : 2 91 29
-1
inpuy : 2 92 29
-1
inpuy : 2 93 29
-1
inpuy : 2 94 29
-1
inpuy : 2 95 29
-1
inpuy : 2 96 29
-1
inpuy : 2 97 29
-1
inpuy : 2 98 29
-1
inpuy : 2 99 29
-1
inpuy : 2 100 29
-1
inpuy : 3 1 27
-1
inpuy : 3 2 27
-1
inpuy : 3 3 27
-1
inpuy : 3 4 27
-1
inpuy : 3 5 27
-1
inpuy : 3 6 27
-1
inpuy : 3 7 27
-1
inpuy : 3 8 27
-1
inpuy : 3 9 27
inpuy : 3 10 27
inpuy : 3 11 27
inpuy : 3 12 27
inpuy : 3 13 27
inpuy : 3 14 27
inpuy : 3 15 27
inpuy : 3 16 27
inpuy : 3 17 27
inpuy : 3 18 27
inpuy : 3 19 27
inpuy : 3 20 27
inpuy : 3 21 27
inpuy : 3 22 27
inpuy : 3 23 27
inpuy : 3 24 27
inpuy : 3 25 27
inpuy : 3 26 27
inpuy : 3 27 27
27
1 0 1
2 0 2
3 0 3
3 0 4
3 0 5
3 0 6
3 0 7
3 0 8
3 0 9
3 0 10
3 0 11
3 0 12
3 0 13
3 0 14
3 0 15
3 0 16
3 0 17
3 0 18
3 0 19
3 0 20
3 0 21
3 0 22
3 0 23
3 0 24
3 0 25
3 0 26
3 0 27
inpuy : 3 28 27
inpuy : 3 29 27
inpuy : 3 30 27
inpuy : 3 31 27
inpuy : 3 32 27
inpuy : 3 33 27
inpuy : 3 34 27
inpuy : 3 35 27
inpuy : 3 36 27
inpuy : 3 37 27
inpuy : 3 38 27
inpuy : 3 39 27
inpuy : 3 40 27
inpuy : 3 41 27
inpuy : 3 42 27
inpuy : 3 43 27
inpuy : 3 44 27
inpuy : 3 45 27
inpuy : 3 46 27
inpuy : 3 47 27
inpuy : 3 48 27
inpuy : 3 49 27
inpuy : 3 50 27
inpuy : 3 51 27
inpuy : 3 52 27
inpuy : 3 53 27
inpuy : 3 54 27
inpuy : 3 55 27
inpuy : 3 56 27
inpuy : 3 57 27
inpuy : 3 58 27
inpuy : 3 59 27
inpuy : 3 60 27
inpuy : 3 61 27
inpuy : 3 62 27
inpuy : 3 63 27
inpuy : 3 64 27
inpuy : 3 65 27
inpuy : 3 66 27
inpuy : 3 67 27
inpuy : 3 68 27
inpuy : 3 69 27
inpuy : 3 70 27
inpuy : 3 71 27
inpuy : 3 72 27
inpuy : 3 73 27
inpuy : 3 74 27
inpuy : 3 75 27
inpuy : 3 76 27
inpuy : 3 77 27
inpuy : 3 78 27
inpuy : 3 79 27
inpuy : 3 80 27
inpuy : 3 81 27
inpuy : 3 82 27
-1
inpuy : 3 83 27
-1
inpuy : 3 84 27
-1
inpuy : 3 85 27
-1
inpuy : 3 86 27
-1
inpuy : 3 87 27
-1
inpuy : 3 88 27
-1
inpuy : 3 89 27
-1
inpuy : 3 90 27
-1
inpuy : 3 91 27
-1
inpuy : 3 92 27
-1
inpuy : 3 93 27
-1
inpuy : 3 94 27
-1
inpuy : 3 95 27
-1
inpuy : 3 96 27
-1
inpuy : 3 97 27
-1
inpuy : 3 98 27
-1
inpuy : 3 99 27
-1
inpuy : 3 100 27
-1
inpuy : 3 1 28
-1
inpuy : 3 2 28
-1
inpuy : 3 3 28
-1
inpuy : 3 4 28
-1
inpuy : 3 5 28
-1
inpuy : 3 6 28
-1
inpuy : 3 7 28
-1
inpuy : 3 8 28
-1
inpuy : 3 9 28
-1
inpuy : 3 10 28
inpuy : 3 11 28
inpuy : 3 12 28
inpuy : 3 13 28
inpuy : 3 14 28
inpuy : 3 15 28
inpuy : 3 16 28
inpuy : 3 17 28
inpuy : 3 18 28
inpuy : 3 19 28
inpuy : 3 20 28
inpuy : 3 21 28
inpuy : 3 22 28
inpuy : 3 23 28
inpuy : 3 24 28
inpuy : 3 25 28
inpuy : 3 26 28
inpuy : 3 27 28
inpuy : 3 28 28
28
1 0 1
2 0 2
3 0 3
3 0 4
3 0 5
3 0 6
3 0 7
3 0 8
3 0 9
3 0 10
3 0 11
3 0 12
3 0 13
3 0 14
3 0 15
3 0 16
3 0 17
3 0 18
3 0 19
3 0 20
3 0 21
3 0 22
3 0 23
3 0 24
3 0 25
3 0 26
3 0 27
3 0 28
inpuy : 3 29 28
inpuy : 3 30 28
inpuy : 3 31 28
inpuy : 3 32 28
inpuy : 3 33 28
inpuy : 3 34 28
inpuy : 3 35 28
inpuy : 3 36 28
inpuy : 3 37 28
inpuy : 3 38 28
inpuy : 3 39 28
inpuy : 3 40 28
inpuy : 3 41 28
inpuy : 3 42 28
inpuy : 3 43 28
inpuy : 3 44 28
inpuy : 3 45 28
inpuy : 3 46 28
inpuy : 3 47 28
inpuy : 3 48 28
inpuy : 3 49 28
inpuy : 3 50 28
inpuy : 3 51 28
inpuy : 3 52 28
inpuy : 3 53 28
inpuy : 3 54 28
inpuy : 3 55 28
inpuy : 3 56 28
inpuy : 3 57 28
inpuy : 3 58 28
inpuy : 3 59 28
inpuy : 3 60 28
inpuy : 3 61 28
inpuy : 3 62 28
inpuy : 3 63 28
inpuy : 3 64 28
inpuy : 3 65 28
inpuy : 3 66 28
inpuy : 3 67 28
inpuy : 3 68 28
inpuy : 3 69 28
inpuy : 3 70 28
inpuy : 3 71 28
inpuy : 3 72 28
inpuy : 3 73 28
inpuy : 3 74 28
inpuy : 3 75 28
inpuy : 3 76 28
inpuy : 3 77 28
inpuy : 3 78 28
inpuy : 3 79 28
inpuy : 3 80 28
inpuy : 3 81 28
inpuy : 3 82 28
inpuy : 3 83 28
inpuy : 3 84 28
inpuy : 3 85 28
-1
inpuy : 3 86 28
-1
inpuy : 3 87 28
-1
inpuy : 3 88 28
-1
inpuy : 3 89 28
-1
inpuy : 3 90 28
-1
inpuy : 3 91 28
-1
inpuy : 3 92 28
-1
inpuy : 3 93 28
-1
inpuy : 3 94 28
-1
inpuy : 3 95 28
-1
inpuy : 3 96 28
-1
inpuy : 3 97 28
-1
inpuy : 3 98 28
-1
inpuy : 3 99 28
-1
inpuy : 3 100 28
-1
inpuy : 3 1 29
-1
inpuy : 3 2 29
-1
inpuy : 3 3 29
-1
inpuy : 3 4 29
-1
inpuy : 3 5 29
-1
inpuy : 3 6 29
-1
inpuy : 3 7 29
-1
inpuy : 3 8 29
-1
inpuy : 3 9 29
-1
inpuy : 3 10 29
inpuy : 3 11 29
inpuy : 3 12 29
inpuy : 3 13 29
inpuy : 3 14 29
inpuy : 3 15 29
inpuy : 3 16 29
inpuy : 3 17 29
inpuy : 3 18 29
inpuy : 3 19 29
inpuy : 3 20 29
inpuy : 3 21 29
inpuy : 3 22 29
inpuy : 3 23 29
inpuy : 3 24 29
inpuy : 3 25 29
inpuy : 3 26 29
inpuy : 3 27 29
inpuy : 3 28 29
inpuy : 3 29 29
29
1 0 1
2 0 2
3 0 3
3 0 4
3 0 5
3 0 6
3 0 7
3 0 8
3 0 9
3 0 10
3 0 11
3 0 12
3 0 13
3 0 14
3 0 15
3 0 16
3 0 17
3 0 18
3 0 19
3 0 20
3 0 21
3 0 22
3 0 23
3 0 24
3 0 25
3 0 26
3 0 27
3 0 28
3 0 29
inpuy : 3 30 29
inpuy : 3 31 29
inpuy : 3 32 29
inpuy : 3 33 29
inpuy : 3 34 29
inpuy : 3 35 29
inpuy : 3 36 29
inpuy : 3 37 29
inpuy : 3 38 29
inpuy : 3 39 29
inpuy : 3 40 29
inpuy : 3 41 29
inpuy : 3 42 29
inpuy : 3 43 29
inpuy : 3 44 29
inpuy : 3 45 29
inpuy : 3 46 29
inpuy : 3 47 29
inpuy : 3 48 29
inpuy : 3 49 29
inpuy : 3 50 29
inpuy : 3 51 29
inpuy : 3 52 29
inpuy : 3 53 29
inpuy : 3 54 29
inpuy : 3 55 29
inpuy : 3 56 29
inpuy : 3 57 29
inpuy : 3 58 29
inpuy : 3 59 29
inpuy : 3 60 29
inpuy : 3 61 29
inpuy : 3 62 29
inpuy : 3 63 29
inpuy : 3 64 29
inpuy : 3 65 29
inpuy : 3 66 29
inpuy : 3 67 29
inpuy : 3 68 29
inpuy : 3 69 29
inpuy : 3 70 29
inpuy : 3 71 29
inpuy : 3 72 29
inpuy : 3 73 29
inpuy : 3 74 29
inpuy : 3 75 29
inpuy : 3 76 29
inpuy : 3 77 29
inpuy : 3 78 29
inpuy : 3 79 29
inpuy : 3 80 29
inpuy : 3 81 29
inpuy : 3 82 29
inpuy : 3 83 29
inpuy : 3 84 29
inpuy : 3 85 29
inpuy : 3 86 29
